<?xml version="1.0" encoding="UTF-8"?>
<!-- Generated by org.testng.reporters.JUnitXMLReporter -->
<testsuite ignored="3" hostname="DESKTOP-4FSPV0M" failures="0" tests="1" name="EdgeTest" time="71.51" errors="0" timestamp="2024-11-27T12:13:18 IST">
  <testcase classname="testscript.LoginTest" name="VerifyTheUserIsAbleToLogInUsingValidCredentials" time="3.119"/>
  <testcase classname="testscript.LoginTest" name="VerifyUserIsAbleToLoginUsingInvalidPassword" time="0.0">
    <ignored/>
  </testcase> <!-- VerifyUserIsAbleToLoginUsingInvalidPassword -->
  <testcase classname="testscript.LoginTest" name="VerifyUserIsAbleToLoginUsingInvalidUsername" time="0.0">
    <ignored/>
  </testcase> <!-- VerifyUserIsAbleToLoginUsingInvalidUsername -->
  <testcase classname="testscript.LoginTest" name="VerifyUserIsAbleToLoginUsingInvalidCreds" time="0.0">
    <ignored/>
  </testcase> <!-- VerifyUserIsAbleToLoginUsingInvalidCreds -->
</testsuite> <!-- EdgeTest -->
