<?xml version="1.0" encoding="UTF-8"?>
<testng-results ignored="0" total="2" passed="2" failed="0" skipped="0">
  <reporter-output>
  </reporter-output>
  <suite started-at="2024-11-25T12:09:55 IST" name="Suite" finished-at="2024-11-25T12:10:49 IST" duration-ms="54230">
    <groups>
    </groups>
    <test started-at="2024-11-25T12:09:55 IST" name="Test" finished-at="2024-11-25T12:10:49 IST" duration-ms="54230">
      <class name="testscript.LoginTest">
        <test-method is-config="true" signature="initalizeBrowser()[pri:0, instance:testscript.LoginTest@dc7df28]" started-at="2024-11-25T12:09:55 IST" name="initalizeBrowser" finished-at="2024-11-25T12:10:33 IST" duration-ms="37809" status="PASS">
          <reporter-output>
          </reporter-output>
        </test-method> <!-- initalizeBrowser -->
        <test-method signature="VerifyTheUserIsAbleToLogInUsingValidCredentials()[pri:0, instance:testscript.LoginTest@dc7df28]" started-at="2024-11-25T12:10:33 IST" name="VerifyTheUserIsAbleToLogInUsingValidCredentials" finished-at="2024-11-25T12:10:36 IST" duration-ms="3352" status="PASS">
          <reporter-output>
          </reporter-output>
        </test-method> <!-- VerifyTheUserIsAbleToLogInUsingValidCredentials -->
        <test-method is-config="true" signature="driverQuitAndClose()[pri:0, instance:testscript.LoginTest@dc7df28]" started-at="2024-11-25T12:10:36 IST" name="driverQuitAndClose" finished-at="2024-11-25T12:10:36 IST" duration-ms="1" status="PASS">
          <reporter-output>
          </reporter-output>
        </test-method> <!-- driverQuitAndClose -->
        <test-method is-config="true" signature="initalizeBrowser()[pri:0, instance:testscript.LoginTest@dc7df28]" started-at="2024-11-25T12:10:36 IST" name="initalizeBrowser" finished-at="2024-11-25T12:10:49 IST" duration-ms="12091" status="PASS">
          <reporter-output>
          </reporter-output>
        </test-method> <!-- initalizeBrowser -->
        <test-method signature="VerifyUserIsAbleToLoginUsingInvalidPassword()[pri:0, instance:testscript.LoginTest@dc7df28]" started-at="2024-11-25T12:10:49 IST" name="VerifyUserIsAbleToLoginUsingInvalidPassword" finished-at="2024-11-25T12:10:49 IST" duration-ms="861" status="PASS">
          <reporter-output>
          </reporter-output>
        </test-method> <!-- VerifyUserIsAbleToLoginUsingInvalidPassword -->
        <test-method is-config="true" signature="driverQuitAndClose()[pri:0, instance:testscript.LoginTest@dc7df28]" started-at="2024-11-25T12:10:49 IST" name="driverQuitAndClose" finished-at="2024-11-25T12:10:49 IST" duration-ms="0" status="PASS">
          <reporter-output>
          </reporter-output>
        </test-method> <!-- driverQuitAndClose -->
      </class> <!-- testscript.LoginTest -->
    </test> <!-- Test -->
  </suite> <!-- Suite -->
</testng-results>
