<?xml version="1.0" encoding="UTF-8"?>
<!-- Generated by org.testng.reporters.JUnitXMLReporter -->
<testsuite ignored="2" hostname="DESKTOP-4FSPV0M" failures="0" tests="2" name="ChromeTest" time="47.997" errors="0" timestamp="2024-11-27T12:19:57 IST">
  <testcase classname="testscript.LoginTest" name="VerifyTheUserIsAbleToLogInUsingValidCredentials" time="1.393"/>
  <testcase classname="testscript.LoginTest" name="VerifyUserIsAbleToLoginUsingInvalidPassword" time="0.843"/>
  <testcase classname="testscript.LoginTest" name="VerifyUserIsAbleToLoginUsingInvalidCreds" time="0.0">
    <ignored/>
  </testcase> <!-- VerifyUserIsAbleToLoginUsingInvalidCreds -->
  <testcase classname="testscript.LoginTest" name="VerifyUserIsAbleToLoginUsingInvalidUsername" time="0.0">
    <ignored/>
  </testcase> <!-- VerifyUserIsAbleToLoginUsingInvalidUsername -->
</testsuite> <!-- ChromeTest -->
