<?xml version="1.0" encoding="UTF-8"?>
<!-- Generated by org.testng.reporters.JUnitXMLReporter -->
<testsuite ignored="2" hostname="DESKTOP-4FSPV0M" failures="0" tests="2" name="Test" time="54.23" errors="0" timestamp="2024-11-25T12:10:54 IST">
  <testcase classname="testscript.LoginTest" name="VerifyTheUserIsAbleToLogInUsingValidCredentials" time="3.352"/>
  <testcase classname="testscript.LoginTest" name="VerifyUserIsAbleToLoginUsingInvalidPassword" time="0.861"/>
  <testcase classname="testscript.LoginTest" name="VerifyUserIsAbleToLoginUsingInvalidUsername" time="0.0">
    <ignored/>
  </testcase> <!-- VerifyUserIsAbleToLoginUsingInvalidUsername -->
  <testcase classname="testscript.LoginTest" name="VerifyUserIsAbleToLoginUsingInvalidCreds" time="0.0">
    <ignored/>
  </testcase> <!-- VerifyUserIsAbleToLoginUsingInvalidCreds -->
</testsuite> <!-- Test -->
