<?xml version="1.0" encoding="UTF-8"?>
<!-- Generated by org.testng.reporters.JUnitXMLReporter -->
<testsuite ignored="0" hostname="DESKTOP-4FSPV0M" failures="1" tests="1" name="Test" time="15.109" errors="0" timestamp="2024-12-08T12:59:22 IST">
  <testcase classname="testscript.ManageProductTest" name="verifyUserIsAbleToAddProduct" time="3.013">
    <failure type="java.lang.IllegalStateException" message="Cannot get a STRING value from a NUMERIC cell">
      <![CDATA[java.lang.IllegalStateException: Cannot get a STRING value from a NUMERIC cell
at org.apache.poi.xssf.usermodel.XSSFCell.typeMismatch(XSSFCell.java:987)
at org.apache.poi.xssf.usermodel.XSSFCell.getRichStringCellValue(XSSFCell.java:336)
at org.apache.poi.xssf.usermodel.XSSFCell.getStringCellValue(XSSFCell.java:280)
at utilities.ExcelUtilities.getStringData(ExcelUtilities.java:27)
at testscript.ManageProductTest.verifyUserIsAbleToAddProduct(ManageProductTest.java:28)
at java.base/java.util.ArrayList.forEach(ArrayList.java:1511)
... Removed 27 stack frames]]>
    </failure>
  </testcase> <!-- verifyUserIsAbleToAddProduct -->
</testsuite> <!-- Test -->
